2024-04-04T18:20:05+00:00 AadarshPC#01 I: Start test public:0:public_parser_nothing.
2024-04-04T18:20:05+00:00 AadarshPC#01 I: Test public:0:public_parser_nothing is successful.
2024-04-04T18:20:05+00:00 AadarshPC#01 I: End test public:0:public_parser_nothing.
2024-04-04T18:20:05+00:00 AadarshPC#01 I: Start test public:4:public_parser_expr_let_if.
2024-04-04T18:20:05+00:00 AadarshPC#01 I: Test public:4:public_parser_expr_let_if is successful.
2024-04-04T18:20:05+00:00 AadarshPC#01 I: End test public:4:public_parser_expr_let_if.
2024-04-04T18:20:05+00:00 AadarshPC#01 I: Start test public:7:public_parser_expr_nested_let.
2024-04-04T18:20:05+00:00 AadarshPC#01 I: Test public:7:public_parser_expr_nested_let is successful.
2024-04-04T18:20:05+00:00 AadarshPC#01 I: End test public:7:public_parser_expr_nested_let.
2024-04-04T18:20:05+00:00 AadarshPC#01 I: Start test public:21:public_parser_expr_single_number.
2024-04-04T18:20:05+00:00 AadarshPC#01 I: Test public:21:public_parser_expr_single_number is successful.
2024-04-04T18:20:05+00:00 AadarshPC#01 I: End test public:21:public_parser_expr_single_number.
2024-04-04T18:20:05+00:00 AadarshPC#01 I: Start test public:26:public_parser_expr_record1.
2024-04-04T18:20:05+00:00 AadarshPC#01 E: Test public:26:public_parser_expr_record1 exited with an error.
2024-04-04T18:20:05+00:00 AadarshPC#01 E: P4.Types.InvalidInputException("bad call to fun_call.. tok_list: [Tok_LCurly, Tok_ID(\"length\"), Tok_Equal, Tok_Int(18), Tok_RCurly]") in test public:26:public_parser_expr_record1.
2024-04-04T18:20:05+00:00 AadarshPC#01 E: Raised at P4__Parser.utop in file "src/parser.ml", line 228, characters 22-142
2024-04-04T18:20:05+00:00 AadarshPC#01 E: Called from P4__Parser.mula in file "src/parser.ml", line 205, characters 19-36
2024-04-04T18:20:05+00:00 AadarshPC#01 E: Called from P4__Parser.jhn_expr in file "src/parser.ml", line 183, characters 19-28
2024-04-04T18:20:05+00:00 AadarshPC#01 E: Called from P4__Parser.seid in file "src/parser.ml", line 163, characters 19-32
2024-04-04T18:20:05+00:00 AadarshPC#01 E: Called from P4__Parser.ler_expr in file "src/parser.ml", line 133, characters 19-28
2024-04-04T18:20:05+00:00 AadarshPC#01 E: Called from P4__Parser.parse_qual_expr in file "src/parser.ml", line 113, characters 19-32
2024-04-04T18:20:05+00:00 AadarshPC#01 E: Called from P4__Parser.rote in file "src/parser.ml", line 98, characters 19-39
2024-04-04T18:20:05+00:00 AadarshPC#01 E: Called from P4__Parser.oeta_expr in file "src/parser.ml", line 83, characters 19-28
2024-04-04T18:20:05+00:00 AadarshPC#01 E: Called from P4__Parser.parse_expr in file "src/parser.ml", line 263, characters 38-46
2024-04-04T18:20:05+00:00 AadarshPC#01 E: Called from TestUtils.run_test_expr in file "test/testUtils.ml", line 95, characters 20-51
2024-04-04T18:20:05+00:00 AadarshPC#01 E: Called from OUnitRunner.run_one_test.(fun) in file "src/lib/ounit2/advanced/oUnitRunner.ml", line 83, characters 13-26
2024-04-04T18:20:05+00:00 AadarshPC#01 E: 
2024-04-04T18:20:05+00:00 AadarshPC#01 I: End test public:26:public_parser_expr_record1.
2024-04-04T18:20:05+00:00 AadarshPC#01 I: Start test public:29:public_parser_expr_record_select.
2024-04-04T18:20:05+00:00 AadarshPC#01 E: Test public:29:public_parser_expr_record_select exited with an error.
2024-04-04T18:20:05+00:00 AadarshPC#01 E: P4.Types.InvalidInputException("Invalid input") in test public:29:public_parser_expr_record_select.
2024-04-04T18:20:05+00:00 AadarshPC#01 E: Raised at P4__Lexer.tokenize.keta in file "src/lexer.ml", line 89, characters 8-53
2024-04-04T18:20:05+00:00 AadarshPC#01 E: Called from P4__Lexer.tokenize.keta in file "src/lexer.ml", line 68, characters 20-40
2024-04-04T18:20:05+00:00 AadarshPC#01 E: Called from P4__Lexer.tokenize.keta in file "src/lexer.ml", line 27, characters 39-77
2024-04-04T18:20:05+00:00 AadarshPC#01 E: Called from P4__Lexer.tokenize.keta in file "src/lexer.ml", line 37, characters 19-39
2024-04-04T18:20:05+00:00 AadarshPC#01 E: Called from P4__Lexer.tokenize.keta in file "src/lexer.ml", line 62, characters 22-60
2024-04-04T18:20:05+00:00 AadarshPC#01 E: Called from P4__Lexer.tokenize.keta in file "src/lexer.ml", line 74, characters 18-38
2024-04-04T18:20:05+00:00 AadarshPC#01 E: Called from P4__Lexer.tokenize.keta in file "src/lexer.ml", line 27, characters 39-77
2024-04-04T18:20:05+00:00 AadarshPC#01 E: Called from P4__Lexer.tokenize.keta in file "src/lexer.ml", line 37, characters 19-39
2024-04-04T18:20:05+00:00 AadarshPC#01 E: Called from P4__Lexer.tokenize.keta in file "src/lexer.ml", line 62, characters 22-60
2024-04-04T18:20:05+00:00 AadarshPC#01 E: Called from P4__Lexer.tokenize.keta in file "src/lexer.ml", line 66, characters 20-40
2024-04-04T18:20:05+00:00 AadarshPC#01 E: Called from TestUtils.run_test_expr in file "test/testUtils.ml", line 95, characters 20-37
2024-04-04T18:20:05+00:00 AadarshPC#01 E: Called from OUnitRunner.run_one_test.(fun) in file "src/lib/ounit2/advanced/oUnitRunner.ml", line 83, characters 13-26
2024-04-04T18:20:05+00:00 AadarshPC#01 E: 
2024-04-04T18:20:05+00:00 AadarshPC#01 I: End test public:29:public_parser_expr_record_select.
2024-04-04T18:20:05+00:00 AadarshPC#01 I: Start test public:31:public_parser_mutop_pi_def.
2024-04-04T18:20:05+00:00 AadarshPC#01 I: Test public:31:public_parser_mutop_pi_def is successful.
2024-04-04T18:20:05+00:00 AadarshPC#01 I: End test public:31:public_parser_mutop_pi_def.
2024-04-04T18:20:05+00:00 AadarshPC#01 I: Start test public:36:public_eval_expr_apply.
2024-04-04T18:20:05+00:00 AadarshPC#01 I: Test public:36:public_eval_expr_apply is successful.
2024-04-04T18:20:05+00:00 AadarshPC#01 I: End test public:36:public_eval_expr_apply.
2024-04-04T18:20:05+00:00 AadarshPC#01 I: Start test public:41:public_eval_expr_nested_let.
2024-04-04T18:20:05+00:00 AadarshPC#01 I: Test public:41:public_eval_expr_nested_let is successful.
2024-04-04T18:20:05+00:00 AadarshPC#01 I: End test public:41:public_eval_expr_nested_let.
2024-04-04T18:20:05+00:00 AadarshPC#01 I: Start test public:56:public_eval_expr_single_or.
2024-04-04T18:20:05+00:00 AadarshPC#01 I: Test public:56:public_eval_expr_single_or is successful.
2024-04-04T18:20:05+00:00 AadarshPC#01 I: End test public:56:public_eval_expr_single_or.
2024-04-04T18:20:05+00:00 AadarshPC#01 I: Start test public:60:public_eval_expr_record1.
2024-04-04T18:20:05+00:00 AadarshPC#01 E: Test public:60:public_eval_expr_record1 exited with an error.
2024-04-04T18:20:05+00:00 AadarshPC#01 E: P4.Types.InvalidInputException("bad call to fun_call.. tok_list: [Tok_LCurly, Tok_ID(\"length\"), Tok_Equal, Tok_Int(18), Tok_RCurly]") in test public:60:public_eval_expr_record1.
2024-04-04T18:20:05+00:00 AadarshPC#01 E: Raised at P4__Parser.utop in file "src/parser.ml", line 228, characters 22-142
2024-04-04T18:20:05+00:00 AadarshPC#01 E: Called from P4__Parser.mula in file "src/parser.ml", line 205, characters 19-36
2024-04-04T18:20:05+00:00 AadarshPC#01 E: Called from P4__Parser.jhn_expr in file "src/parser.ml", line 183, characters 19-28
2024-04-04T18:20:05+00:00 AadarshPC#01 E: Called from P4__Parser.seid in file "src/parser.ml", line 163, characters 19-32
2024-04-04T18:20:05+00:00 AadarshPC#01 E: Called from P4__Parser.ler_expr in file "src/parser.ml", line 133, characters 19-28
2024-04-04T18:20:05+00:00 AadarshPC#01 E: Called from P4__Parser.parse_qual_expr in file "src/parser.ml", line 113, characters 19-32
2024-04-04T18:20:05+00:00 AadarshPC#01 E: Called from P4__Parser.rote in file "src/parser.ml", line 98, characters 19-39
2024-04-04T18:20:05+00:00 AadarshPC#01 E: Called from P4__Parser.oeta_expr in file "src/parser.ml", line 83, characters 19-28
2024-04-04T18:20:05+00:00 AadarshPC#01 E: Called from P4__Parser.parse_expr in file "src/parser.ml", line 263, characters 38-46
2024-04-04T18:20:05+00:00 AadarshPC#01 E: Called from TestUtils.run_test_expr in file "test/testUtils.ml", line 103, characters 20-51
2024-04-04T18:20:05+00:00 AadarshPC#01 E: Called from OUnitRunner.run_one_test.(fun) in file "src/lib/ounit2/advanced/oUnitRunner.ml", line 83, characters 13-26
2024-04-04T18:20:05+00:00 AadarshPC#01 E: 
2024-04-04T18:20:05+00:00 AadarshPC#01 I: End test public:60:public_eval_expr_record1.
2024-04-04T18:20:05+00:00 AadarshPC#01 I: Start test public:62:public_eval_expr_record3.
2024-04-04T18:20:05+00:00 AadarshPC#01 E: Test public:62:public_eval_expr_record3 exited with an error.
2024-04-04T18:20:05+00:00 AadarshPC#01 E: P4.Types.InvalidInputException("bad call to fun_call.. tok_list: [Tok_LCurly, Tok_ID(\"length\"), Tok_Equal, Tok_Int(7), Tok_Semi, Tok_ID(\"height\"), Tok_Equal, Tok_Int(255), Tok_Semi, Tok_ID(\"color\"), Tok_Equal, Tok_String(\"Red\"), Tok_RCurly]") in test public:62:public_eval_expr_record3.
2024-04-04T18:20:05+00:00 AadarshPC#01 E: Raised at P4__Parser.utop in file "src/parser.ml", line 228, characters 22-142
2024-04-04T18:20:05+00:00 AadarshPC#01 E: Called from P4__Parser.mula in file "src/parser.ml", line 205, characters 19-36
2024-04-04T18:20:05+00:00 AadarshPC#01 E: Called from P4__Parser.jhn_expr in file "src/parser.ml", line 183, characters 19-28
2024-04-04T18:20:05+00:00 AadarshPC#01 E: Called from P4__Parser.seid in file "src/parser.ml", line 163, characters 19-32
2024-04-04T18:20:05+00:00 AadarshPC#01 E: Called from P4__Parser.ler_expr in file "src/parser.ml", line 133, characters 19-28
2024-04-04T18:20:05+00:00 AadarshPC#01 E: Called from P4__Parser.parse_qual_expr in file "src/parser.ml", line 113, characters 19-32
2024-04-04T18:20:05+00:00 AadarshPC#01 E: Called from P4__Parser.rote in file "src/parser.ml", line 98, characters 19-39
2024-04-04T18:20:05+00:00 AadarshPC#01 E: Called from P4__Parser.oeta_expr in file "src/parser.ml", line 83, characters 19-28
2024-04-04T18:20:05+00:00 AadarshPC#01 E: Called from P4__Parser.parse_expr in file "src/parser.ml", line 263, characters 38-46
2024-04-04T18:20:05+00:00 AadarshPC#01 E: Called from TestUtils.run_test_expr in file "test/testUtils.ml", line 103, characters 20-51
2024-04-04T18:20:05+00:00 AadarshPC#01 E: Called from OUnitRunner.run_one_test.(fun) in file "src/lib/ounit2/advanced/oUnitRunner.ml", line 83, characters 13-26
2024-04-04T18:20:05+00:00 AadarshPC#01 E: 
2024-04-04T18:20:05+00:00 AadarshPC#01 I: End test public:62:public_eval_expr_record3.
2024-04-04T18:20:05+00:00 AadarshPC#01 I: Start test public:66:public_eval_mutop_simple_def_and_let.
2024-04-04T18:20:05+00:00 AadarshPC#01 I: Test public:66:public_eval_mutop_simple_def_and_let is successful.
2024-04-04T18:20:05+00:00 AadarshPC#01 I: End test public:66:public_eval_mutop_simple_def_and_let.
